Total conflicts: 148
0 : 1
1 : 8
2 : 8
3 : 8
4 : 8
5 : 8
6 : 8
7 : 8
8 : 8
9 : 8
10 : 8
11 : 8
12 : 7
13 : 7
14 : 7
15 : 7
16 : 7
17 : 4
18 : 4
19 : 4
20 : 4
21 : 4
22 : 8
23 : 8
24 : 6
25 : 6
26 : 6
27 : 6
28 : 6
29 : 4
30 : 4
31 : 4
32 : 4
33 : 4
34 : 7
35 : 2
36 : 2
37 : 2
38 : 2
39 : 2
40 : 2
41 : 2
42 : 2
43 : 2
44 : 2
45 : 4
46 : 8
47 : 8
48 : 5
49 : 5
50 : 5
51 : 5
52 : 5
53 : 3
54 : 3
55 : 3
56 : 3
57 : 3
58 : 7
59 : 2
60 : 2
61 : 2
62 : 2
63 : 2
64 : 1
65 : 1
66 : 1
67 : 1
68 : 1
69 : 3
70 : 7
71 : 2
72 : 2
73 : 2
74 : 2
75 : 2
76 : 1
77 : 1
78 : 1
79 : 1
80 : 1
81 : 2
82 : 1
83 : 1
84 : 1
85 : 1
86 : 1
87 : 1
88 : 1
89 : 1
90 : 1
91 : 1
92 : 1
93 : 3
94 : 8
95 : 8
96 : 4
97 : 4
98 : 4
99 : 4
100 : 4
101 : 2
102 : 2
103 : 2
104 : 2
105 : 2
106 : 7
107 : 2
108 : 2
109 : 2
110 : 2
111 : 2
112 : 1
113 : 1
114 : 1
115 : 1
116 : 1
117 : 2
118 : 7
119 : 1
120 : 1
121 : 1
122 : 1
123 : 1
124 : 1
125 : 1
126 : 1
127 : 1
128 : 1
129 : 2
130 : 1
131 : 1
132 : 1
133 : 1
134 : 1
135 : 1
136 : 1
137 : 1
138 : 1
139 : 1
140 : 1
141 : 2
142 : 7
143 : 1
144 : 1
145 : 1
146 : 1
147 : 1
148 : 1
149 : 1
150 : 1
151 : 1
152 : 1
153 : 2
154 : 1
155 : 1
156 : 1
157 : 1
158 : 1
159 : 1
160 : 1
161 : 1
162 : 1
163 : 1
164 : 1
165 : 2
166 : 1
167 : 1
168 : 1
169 : 1
170 : 1
171 : 1
172 : 1
173 : 1
174 : 1
175 : 1
176 : 1
177 : 1
178 : 1
179 : 1
180 : 1
181 : 1
182 : 1
183 : 1
184 : 1
185 : 1
186 : 1
187 : 1
188 : 1
189 : 2
190 : 8
191 : 8
Time to completion: 0.05 seconds.
