Total conflicts: 2
0 : 2
1 : 1
2 : 2
3 : 1
4 : 2
5 : 3
6 : 3
7 : 2
8 : 4
9 : 2
10 : 3
11 : 1
12 : 4
13 : 5
14 : 4
15 : 4
16 : 5
17 : 4
18 : 7
19 : 4
20 : 4
21 : 6
22 : 5
23 : 1
24 : 6
25 : 2
26 : 4
27 : 2
28 : 5
29 : 6
30 : 2
31 : 4
32 : 2
33 : 6
34 : 5
35 : 4
36 : 5
37 : 4
38 : 4
39 : 5
40 : 4
41 : 6
42 : 4
43 : 4
44 : 6
45 : 5
46 : 2
47 : 1
48 : 3
49 : 5
50 : 4
51 : 7
52 : 3
53 : 3
54 : 7
55 : 4
56 : 7
57 : 3
58 : 5
59 : 3
60 : 5
61 : 4
62 : 4
63 : 3
64 : 3
65 : 7
66 : 4
67 : 4
68 : 3
69 : 5
70 : 3
71 : 6
72 : 5
73 : 4
74 : 7
75 : 5
76 : 6
77 : 6
78 : 4
79 : 6
80 : 6
81 : 5
82 : 4
83 : 5
84 : 4
85 : 4
86 : 5
87 : 4
88 : 6
89 : 4
90 : 4
91 : 6
92 : 5
93 : 2
94 : 3
95 : 1
96 : 3
97 : 2
98 : 4
99 : 2
100 : 3
101 : 3
102 : 2
103 : 4
104 : 2
105 : 3
106 : 5
107 : 4
108 : 5
109 : 4
110 : 4
111 : 5
112 : 4
113 : 7
114 : 4
115 : 4
116 : 6
117 : 5
118 : 2
119 : 6
120 : 2
121 : 4
122 : 2
123 : 5
124 : 6
125 : 2
126 : 4
127 : 2
128 : 6
129 : 5
130 : 4
131 : 2
132 : 4
133 : 2
134 : 5
135 : 4
136 : 2
137 : 4
138 : 2
139 : 6
140 : 5
141 : 2
142 : 3
143 : 3
144 : 2
145 : 4
146 : 2
147 : 3
148 : 3
149 : 2
150 : 4
151 : 2
152 : 3
153 : 5
154 : 3
155 : 5
156 : 4
157 : 4
158 : 3
159 : 3
160 : 3
161 : 4
162 : 4
163 : 3
164 : 5
165 : 2
166 : 3
167 : 2
168 : 4
169 : 2
170 : 3
171 : 3
172 : 2
173 : 4
174 : 2
175 : 3
176 : 5
177 : 3
178 : 2
179 : 4
180 : 2
181 : 3
182 : 3
183 : 2
184 : 4
185 : 2
186 : 3
187 : 5
188 : 2
189 : 3
190 : 2
191 : 1
Time to completion: 0.021 seconds.
