Total conflicts: 0
0 : 2
1 : 1
2 : 2
3 : 1
4 : 2
5 : 3
6 : 3
7 : 2
8 : 4
9 : 2
10 : 3
11 : 1
12 : 3
13 : 5
14 : 4
15 : 4
16 : 3
17 : 3
18 : 7
19 : 4
20 : 4
21 : 3
22 : 5
23 : 1
24 : 6
25 : 2
26 : 4
27 : 2
28 : 5
29 : 6
30 : 2
31 : 4
32 : 2
33 : 6
34 : 5
35 : 4
36 : 5
37 : 4
38 : 4
39 : 5
40 : 4
41 : 6
42 : 4
43 : 4
44 : 6
45 : 5
46 : 2
47 : 1
48 : 3
49 : 2
50 : 4
51 : 2
52 : 3
53 : 3
54 : 2
55 : 4
56 : 2
57 : 3
58 : 5
59 : 3
60 : 5
61 : 4
62 : 4
63 : 3
64 : 3
65 : 3
66 : 4
67 : 4
68 : 3
69 : 5
70 : 2
71 : 3
72 : 2
73 : 4
74 : 2
75 : 3
76 : 3
77 : 2
78 : 4
79 : 2
80 : 3
81 : 5
82 : 3
83 : 2
84 : 4
85 : 2
86 : 3
87 : 3
88 : 2
89 : 4
90 : 2
91 : 3
92 : 5
93 : 2
94 : 3
95 : 1
Time to completion: 0.009 seconds.
